<?xml version="1.0" encoding="UTF-8"?>
<testsuite name="edu.touro.mco152.bm.NonSwingImplementationTest" tests="3" skipped="0" failures="0" errors="0" timestamp="2024-03-17T03:00:06" hostname="DESKTOP-PF9V05E" time="18.025">
  <properties/>
  <testcase name="progressMoreThanZero()" classname="edu.touro.mco152.bm.NonSwingImplementationTest" time="1.147"/>
  <testcase name="execute()" classname="edu.touro.mco152.bm.NonSwingImplementationTest" time="15.988"/>
  <testcase name="progressLessThan100()" classname="edu.touro.mco152.bm.NonSwingImplementationTest" time="0.888"/>
  <system-out><![CDATA[os: Windows 11
Windows PowerShell
Copyright (C) Microsoft Corporation. All rights reserved.

Install the latest PowerShell for new features and improvements! https://aka.ms/PSWindows

Mark(WRITE): 1 bwMbSec: 533.817 avg: 533.817
Mark(WRITE): 2 bwMbSec: 491.156 avg: 512.487
Mark(WRITE): 3 bwMbSec: 540.01 avg: 521.661
Mark(WRITE): 4 bwMbSec: 583.239 avg: 537.056
Mark(WRITE): 5 bwMbSec: 595.965 avg: 548.838
Mark(WRITE): 6 bwMbSec: 481.487 avg: 537.612
Mark(WRITE): 7 bwMbSec: 734.889 avg: 565.795
Mark(WRITE): 8 bwMbSec: 757.669 avg: 589.779
Mark(WRITE): 9 bwMbSec: 664.595 avg: 598.092
Mark(WRITE): 10 bwMbSec: 760.247 avg: 614.307
Mark(WRITE): 11 bwMbSec: 643.095 avg: 616.924
Mark(WRITE): 12 bwMbSec: 631.206 avg: 618.115
Mark(WRITE): 13 bwMbSec: 639.361 avg: 619.749
Mark(WRITE): 14 bwMbSec: 614.737 avg: 619.391
Mark(WRITE): 15 bwMbSec: 677.406 avg: 623.259
Mark(WRITE): 16 bwMbSec: 700.918 avg: 628.112
Mark(WRITE): 17 bwMbSec: 462.556 avg: 618.374
Mark(WRITE): 18 bwMbSec: 303.632 avg: 600.888
Mark(WRITE): 19 bwMbSec: 362.188 avg: 588.325
Mark(WRITE): 20 bwMbSec: 340.432 avg: 575.93
Mark(WRITE): 21 bwMbSec: 202.869 avg: 558.165
Mark(WRITE): 22 bwMbSec: 78.807 avg: 536.376
Mark(WRITE): 23 bwMbSec: 594.533 avg: 538.905
Mark(WRITE): 24 bwMbSec: 628.045 avg: 542.619
Mark(WRITE): 25 bwMbSec: 620.995 avg: 545.754
[EL Fine]: sql: 2024-03-16 23:00:08.136--ClientSession(1829313709)--Connection(389703464)--Thread(Thread[Test worker,5,main])--INSERT INTO DiskRun (BLOCKORDER, BLOCKSIZE, DISKINFO, ENDTIME, IOMODE, NUMBLOCKS, NUMMARKS, RUNAVG, RUNMAX, RUNMIN, STARTTIME, TOTALMARKS, TXSIZE) VALUES (?, ?, ?, ?, ?, ?, ?, ?, ?, ?, ?, ?, ?)
	bind => [0, 512, Unknown-Drive-Model for: C, 2024-03-16 23:00:08.135, 1, 32, 25, 545.7541640899872, 760.2467000541676, 78.80698052531748, 2024-03-16 23:00:06.997, 0, 409600]
[EL Fine]: sql: 2024-03-16 23:00:08.137--ClientSession(1829313709)--Connection(389703464)--Thread(Thread[Test worker,5,main])--values IDENTITY_VAL_LOCAL()
os: Windows 11
Windows PowerShell
Copyright (C) Microsoft Corporation. All rights reserved.

Install the latest PowerShell for new features and improvements! https://aka.ms/PSWindows

Mark(WRITE): 1 bwMbSec: 582.167 avg: 582.167
Mark(WRITE): 2 bwMbSec: 704.219 avg: 643.193
Mark(WRITE): 3 bwMbSec: 556.085 avg: 614.157
Mark(WRITE): 4 bwMbSec: 620.415 avg: 615.721
Mark(WRITE): 5 bwMbSec: 425.636 avg: 577.704
Mark(WRITE): 6 bwMbSec: 510.453 avg: 566.496
Mark(WRITE): 7 bwMbSec: 413.927 avg: 544.7
Mark(WRITE): 8 bwMbSec: 496.153 avg: 538.632
Mark(WRITE): 9 bwMbSec: 455.332 avg: 529.376
Mark(WRITE): 10 bwMbSec: 463.659 avg: 522.805
Mark(WRITE): 11 bwMbSec: 527.351 avg: 523.218
Mark(WRITE): 12 bwMbSec: 490.537 avg: 520.495
Mark(WRITE): 13 bwMbSec: 455.889 avg: 515.525
Mark(WRITE): 14 bwMbSec: 460.968 avg: 511.628
Mark(WRITE): 15 bwMbSec: 562.44 avg: 515.015
Mark(WRITE): 16 bwMbSec: 491.58 avg: 513.551
Mark(WRITE): 17 bwMbSec: 614.706 avg: 519.501
Mark(WRITE): 18 bwMbSec: 862.092 avg: 538.534
Mark(WRITE): 19 bwMbSec: 777.919 avg: 551.133
Mark(WRITE): 20 bwMbSec: 755.733 avg: 561.363
Mark(WRITE): 21 bwMbSec: 786.473 avg: 572.083
Mark(WRITE): 22 bwMbSec: 779.788 avg: 581.524
Mark(WRITE): 23 bwMbSec: 719.842 avg: 587.538
Mark(WRITE): 24 bwMbSec: 721.911 avg: 593.136
Mark(WRITE): 25 bwMbSec: 694.538 avg: 597.192
[EL Fine]: sql: 2024-03-16 23:00:09.058--ClientSession(1829313709)--Connection(389703464)--Thread(Thread[Test worker,5,main])--INSERT INTO DiskRun (BLOCKORDER, BLOCKSIZE, DISKINFO, ENDTIME, IOMODE, NUMBLOCKS, NUMMARKS, RUNAVG, RUNMAX, RUNMIN, STARTTIME, TOTALMARKS, TXSIZE) VALUES (?, ?, ?, ?, ?, ?, ?, ?, ?, ?, ?, ?, ?)
	bind => [0, 512, Unknown-Drive-Model for: C, 2024-03-16 23:00:09.056, 1, 32, 25, 597.1924793885418, 862.0921899835664, 413.9265590802552, 2024-03-16 23:00:08.143, 0, 409600]
[EL Fine]: sql: 2024-03-16 23:00:09.06--ClientSession(1829313709)--Connection(389703464)--Thread(Thread[Test worker,5,main])--values IDENTITY_VAL_LOCAL()
os: Windows 11
Windows PowerShell
Copyright (C) Microsoft Corporation. All rights reserved.

Install the latest PowerShell for new features and improvements! https://aka.ms/PSWindows

Mark(WRITE): 1 bwMbSec: 535.836 avg: 535.836
Mark(WRITE): 2 bwMbSec: 440.41 avg: 488.123
Mark(WRITE): 3 bwMbSec: 438.911 avg: 471.719
Mark(WRITE): 4 bwMbSec: 787.762 avg: 550.73
Mark(WRITE): 5 bwMbSec: 723.347 avg: 585.253
Mark(WRITE): 6 bwMbSec: 859.333 avg: 630.933
Mark(WRITE): 7 bwMbSec: 847.413 avg: 661.859
Mark(WRITE): 8 bwMbSec: 936.889 avg: 696.237
Mark(WRITE): 9 bwMbSec: 862.613 avg: 714.724
Mark(WRITE): 10 bwMbSec: 797.766 avg: 723.028
Mark(WRITE): 11 bwMbSec: 835.548 avg: 733.257
Mark(WRITE): 12 bwMbSec: 839.578 avg: 742.117
Mark(WRITE): 13 bwMbSec: 757.526 avg: 743.302
Mark(WRITE): 14 bwMbSec: 524.435 avg: 727.669
Mark(WRITE): 15 bwMbSec: 764.391 avg: 730.117
Mark(WRITE): 16 bwMbSec: 725.173 avg: 729.808
Mark(WRITE): 17 bwMbSec: 865.876 avg: 737.812
Mark(WRITE): 18 bwMbSec: 750.268 avg: 738.504
Mark(WRITE): 19 bwMbSec: 877.025 avg: 745.795
Mark(WRITE): 20 bwMbSec: 783.645 avg: 747.687
Mark(WRITE): 21 bwMbSec: 883.022 avg: 754.132
Mark(WRITE): 22 bwMbSec: 859.693 avg: 758.93
Mark(WRITE): 23 bwMbSec: 935.722 avg: 766.617
Mark(WRITE): 24 bwMbSec: 838.346 avg: 769.605
Mark(WRITE): 25 bwMbSec: 673.871 avg: 765.776
[EL Fine]: sql: 2024-03-16 23:00:09.774--ClientSession(1829313709)--Connection(389703464)--Thread(Thread[Test worker,5,main])--INSERT INTO DiskRun (BLOCKORDER, BLOCKSIZE, DISKINFO, ENDTIME, IOMODE, NUMBLOCKS, NUMMARKS, RUNAVG, RUNMAX, RUNMIN, STARTTIME, TOTALMARKS, TXSIZE) VALUES (?, ?, ?, ?, ?, ?, ?, ?, ?, ?, ?, ?, ?)
	bind => [0, 512, Unknown-Drive-Model for: C, 2024-03-16 23:00:09.773, 1, 32, 25, 765.7758847050986, 936.8888264296338, 438.910514375691, 2024-03-16 23:00:09.063, 0, 409600]
[EL Fine]: sql: 2024-03-16 23:00:09.776--ClientSession(1829313709)--Connection(389703464)--Thread(Thread[Test worker,5,main])--values IDENTITY_VAL_LOCAL()
os: Windows 11
Windows PowerShell
Copyright (C) Microsoft Corporation. All rights reserved.

Install the latest PowerShell for new features and improvements! https://aka.ms/PSWindows

Mark(WRITE): 1 bwMbSec: 325.509 avg: 325.509
Mark(WRITE): 2 bwMbSec: 119.359 avg: 222.434
Mark(WRITE): 3 bwMbSec: 155.901 avg: 200.256
Mark(WRITE): 4 bwMbSec: 74.092 avg: 168.715
Mark(WRITE): 5 bwMbSec: 53.121 avg: 145.596
Mark(WRITE): 6 bwMbSec: 59.081 avg: 131.177
Mark(WRITE): 7 bwMbSec: 65.561 avg: 121.803
Mark(WRITE): 8 bwMbSec: 61.255 avg: 114.235
Mark(WRITE): 9 bwMbSec: 64.345 avg: 108.692
Mark(WRITE): 10 bwMbSec: 66.083 avg: 104.431
Mark(WRITE): 11 bwMbSec: 62.482 avg: 100.617
Mark(WRITE): 12 bwMbSec: 57.073 avg: 96.989
Mark(WRITE): 13 bwMbSec: 63.122 avg: 94.383
Mark(WRITE): 14 bwMbSec: 59.351 avg: 91.881
Mark(WRITE): 15 bwMbSec: 66.534 avg: 90.191
Mark(WRITE): 16 bwMbSec: 63.083 avg: 88.497
Mark(WRITE): 17 bwMbSec: 61.609 avg: 86.915
Mark(WRITE): 18 bwMbSec: 80.938 avg: 86.583
Mark(WRITE): 19 bwMbSec: 95.325 avg: 87.043
Mark(WRITE): 20 bwMbSec: 29.444 avg: 84.163
Mark(WRITE): 21 bwMbSec: 29.786 avg: 81.574
Mark(WRITE): 22 bwMbSec: 31.396 avg: 79.293
Mark(WRITE): 23 bwMbSec: 35.244 avg: 77.378
Mark(WRITE): 24 bwMbSec: 33.124 avg: 75.534
Mark(WRITE): 25 bwMbSec: 39.468 avg: 74.091
[EL Fine]: sql: 2024-03-16 23:00:17.096--ClientSession(1829313709)--Connection(389703464)--Thread(Thread[Test worker,5,main])--INSERT INTO DiskRun (BLOCKORDER, BLOCKSIZE, DISKINFO, ENDTIME, IOMODE, NUMBLOCKS, NUMMARKS, RUNAVG, RUNMAX, RUNMIN, STARTTIME, TOTALMARKS, TXSIZE) VALUES (?, ?, ?, ?, ?, ?, ?, ?, ?, ?, ?, ?, ?)
	bind => [0, 512, Unknown-Drive-Model for: C, 2024-03-16 23:00:17.094, 1, 32, 25, 74.09142008172451, 325.5089128409197, 29.44350307022128, 2024-03-16 23:00:09.78, 0, 409600]
[EL Fine]: sql: 2024-03-16 23:00:17.098--ClientSession(1829313709)--Connection(389703464)--Thread(Thread[Test worker,5,main])--values IDENTITY_VAL_LOCAL()
os: Windows 11
Windows PowerShell
Copyright (C) Microsoft Corporation. All rights reserved.

Install the latest PowerShell for new features and improvements! https://aka.ms/PSWindows

Mark(WRITE): 1 bwMbSec: 34.604 avg: 34.604
Mark(WRITE): 2 bwMbSec: 38.9 avg: 36.752
Mark(WRITE): 3 bwMbSec: 39.769 avg: 37.757
Mark(WRITE): 4 bwMbSec: 36.124 avg: 37.349
Mark(WRITE): 5 bwMbSec: 35.055 avg: 36.89
Mark(WRITE): 6 bwMbSec: 40.866 avg: 37.553
Mark(WRITE): 7 bwMbSec: 38.039 avg: 37.622
Mark(WRITE): 8 bwMbSec: 39.458 avg: 37.852
Mark(WRITE): 9 bwMbSec: 38.845 avg: 37.962
Mark(WRITE): 10 bwMbSec: 39.345 avg: 38.1
Mark(WRITE): 11 bwMbSec: 40.597 avg: 38.327
Mark(WRITE): 12 bwMbSec: 40.047 avg: 38.471
Mark(WRITE): 13 bwMbSec: 27.964 avg: 37.662
Mark(WRITE): 14 bwMbSec: 453.018 avg: 67.331
Mark(WRITE): 15 bwMbSec: 461.195 avg: 93.588
Mark(WRITE): 16 bwMbSec: 572.06 avg: 123.493
Mark(WRITE): 17 bwMbSec: 476.324 avg: 144.248
Mark(WRITE): 18 bwMbSec: 507.585 avg: 164.433
Mark(WRITE): 19 bwMbSec: 533.869 avg: 183.877
Mark(WRITE): 20 bwMbSec: 529.449 avg: 201.156
Mark(WRITE): 21 bwMbSec: 495.005 avg: 215.148
Mark(WRITE): 22 bwMbSec: 546.064 avg: 230.19
Mark(WRITE): 23 bwMbSec: 473.147 avg: 240.753
Mark(WRITE): 24 bwMbSec: 454.467 avg: 249.658
Mark(WRITE): 25 bwMbSec: 541.283 avg: 261.323
[EL Fine]: sql: 2024-03-16 23:00:23.229--ClientSession(1829313709)--Connection(389703464)--Thread(Thread[Test worker,5,main])--INSERT INTO DiskRun (BLOCKORDER, BLOCKSIZE, DISKINFO, ENDTIME, IOMODE, NUMBLOCKS, NUMMARKS, RUNAVG, RUNMAX, RUNMIN, STARTTIME, TOTALMARKS, TXSIZE) VALUES (?, ?, ?, ?, ?, ?, ?, ?, ?, ?, ?, ?, ?)
	bind => [0, 512, Unknown-Drive-Model for: C, 2024-03-16 23:00:23.228, 1, 32, 25, 261.32309355625904, 572.0598803679775, 27.96425957893865, 2024-03-16 23:00:17.102, 0, 409600]
[EL Fine]: sql: 2024-03-16 23:00:23.23--ClientSession(1829313709)--Connection(389703464)--Thread(Thread[Test worker,5,main])--values IDENTITY_VAL_LOCAL()
os: Windows 11
Windows PowerShell
Copyright (C) Microsoft Corporation. All rights reserved.

Install the latest PowerShell for new features and improvements! https://aka.ms/PSWindows

Mark(WRITE): 1 bwMbSec: 577.159 avg: 577.159
Mark(WRITE): 2 bwMbSec: 526.373 avg: 551.766
Mark(WRITE): 3 bwMbSec: 673.639 avg: 592.39
Mark(WRITE): 4 bwMbSec: 539.935 avg: 579.276
Mark(WRITE): 5 bwMbSec: 444.582 avg: 552.337
Mark(WRITE): 6 bwMbSec: 464.125 avg: 537.635
Mark(WRITE): 7 bwMbSec: 461.099 avg: 526.702
Mark(WRITE): 8 bwMbSec: 458.088 avg: 518.125
Mark(WRITE): 9 bwMbSec: 621.497 avg: 529.611
Mark(WRITE): 10 bwMbSec: 547.51 avg: 531.401
Mark(WRITE): 11 bwMbSec: 508.061 avg: 529.279
Mark(WRITE): 12 bwMbSec: 571.586 avg: 532.804
Mark(WRITE): 13 bwMbSec: 424.55 avg: 524.477
Mark(WRITE): 14 bwMbSec: 560.312 avg: 527.037
Mark(WRITE): 15 bwMbSec: 548.071 avg: 528.439
Mark(WRITE): 16 bwMbSec: 609.696 avg: 533.518
Mark(WRITE): 17 bwMbSec: 601.734 avg: 537.53
Mark(WRITE): 18 bwMbSec: 674.488 avg: 545.139
Mark(WRITE): 19 bwMbSec: 638.72 avg: 550.064
Mark(WRITE): 20 bwMbSec: 376.477 avg: 541.385
Mark(WRITE): 21 bwMbSec: 454.188 avg: 537.233
Mark(WRITE): 22 bwMbSec: 668.29 avg: 543.19
Mark(WRITE): 23 bwMbSec: 682.507 avg: 549.247
Mark(WRITE): 24 bwMbSec: 737.956 avg: 557.11
Mark(WRITE): 25 bwMbSec: 714.736 avg: 563.415
[EL Fine]: sql: 2024-03-16 23:00:24.125--ClientSession(1829313709)--Connection(389703464)--Thread(Thread[Test worker,5,main])--INSERT INTO DiskRun (BLOCKORDER, BLOCKSIZE, DISKINFO, ENDTIME, IOMODE, NUMBLOCKS, NUMMARKS, RUNAVG, RUNMAX, RUNMIN, STARTTIME, TOTALMARKS, TXSIZE) VALUES (?, ?, ?, ?, ?, ?, ?, ?, ?, ?, ?, ?, ?)
	bind => [0, 512, Unknown-Drive-Model for: C, 2024-03-16 23:00:24.124, 1, 32, 25, 563.415059413148, 737.9563222101792, 376.4767890294664, 2024-03-16 23:00:23.234, 0, 409600]
[EL Fine]: sql: 2024-03-16 23:00:24.126--ClientSession(1829313709)--Connection(389703464)--Thread(Thread[Test worker,5,main])--values IDENTITY_VAL_LOCAL()
os: Windows 11
Windows PowerShell
Copyright (C) Microsoft Corporation. All rights reserved.

Install the latest PowerShell for new features and improvements! https://aka.ms/PSWindows

Mark(WRITE): 1 bwMbSec: 647.218 avg: 647.218
Mark(WRITE): 2 bwMbSec: 566.502 avg: 606.86
Mark(WRITE): 3 bwMbSec: 504.108 avg: 572.609
Mark(WRITE): 4 bwMbSec: 470.399 avg: 547.057
Mark(WRITE): 5 bwMbSec: 497.162 avg: 537.078
Mark(WRITE): 6 bwMbSec: 466.755 avg: 525.357
Mark(WRITE): 7 bwMbSec: 361.081 avg: 501.889
Mark(WRITE): 8 bwMbSec: 602.09 avg: 514.414
Mark(WRITE): 9 bwMbSec: 469.111 avg: 509.381
Mark(WRITE): 10 bwMbSec: 619.888 avg: 520.431
Mark(WRITE): 11 bwMbSec: 629.294 avg: 530.328
Mark(WRITE): 12 bwMbSec: 532.863 avg: 530.539
Mark(WRITE): 13 bwMbSec: 684.712 avg: 542.399
Mark(WRITE): 14 bwMbSec: 615.009 avg: 547.585
Mark(WRITE): 15 bwMbSec: 662.795 avg: 555.266
Mark(WRITE): 16 bwMbSec: 589.881 avg: 557.429
Mark(WRITE): 17 bwMbSec: 587.73 avg: 559.212
Mark(WRITE): 18 bwMbSec: 427.777 avg: 551.91
Mark(WRITE): 19 bwMbSec: 562.39 avg: 552.461
Mark(WRITE): 20 bwMbSec: 498.682 avg: 549.772
Mark(WRITE): 21 bwMbSec: 640.51 avg: 554.093
Mark(WRITE): 22 bwMbSec: 561.258 avg: 554.419
Mark(WRITE): 23 bwMbSec: 583.935 avg: 555.702
Mark(WRITE): 24 bwMbSec: 613.419 avg: 558.107
Mark(WRITE): 25 bwMbSec: 639.248 avg: 561.353
[EL Fine]: sql: 2024-03-16 23:00:25.013--ClientSession(1829313709)--Connection(389703464)--Thread(Thread[Test worker,5,main])--INSERT INTO DiskRun (BLOCKORDER, BLOCKSIZE, DISKINFO, ENDTIME, IOMODE, NUMBLOCKS, NUMMARKS, RUNAVG, RUNMAX, RUNMIN, STARTTIME, TOTALMARKS, TXSIZE) VALUES (?, ?, ?, ?, ?, ?, ?, ?, ?, ?, ?, ?, ?)
	bind => [0, 512, Unknown-Drive-Model for: C, 2024-03-16 23:00:25.012, 1, 32, 25, 561.3526199023406, 684.711672194287, 361.08089566116166, 2024-03-16 23:00:24.131, 0, 409600]
[EL Fine]: sql: 2024-03-16 23:00:25.015--ClientSession(1829313709)--Connection(389703464)--Thread(Thread[Test worker,5,main])--values IDENTITY_VAL_LOCAL()
]]></system-out>
  <system-err><![CDATA[Mar 16, 2024 11:00:06 PM edu.touro.mco152.bm.App getVersion
SEVERE: null
java.io.FileNotFoundException: build.properties (The system cannot find the file specified)
	at java.base/java.io.FileInputStream.open0(Native Method)
	at java.base/java.io.FileInputStream.open(FileInputStream.java:216)
	at java.base/java.io.FileInputStream.<init>(FileInputStream.java:157)
	at java.base/java.io.FileInputStream.<init>(FileInputStream.java:111)
	at edu.touro.mco152.bm.App.getVersion(App.java:94)
	at edu.touro.mco152.bm.ui.MainFrame.<init>(MainFrame.java:101)
	at edu.touro.mco152.bm.NonSwingImplementationTest.setupDefaultAsPerProperties(NonSwingImplementationTest.java:63)
	at java.base/jdk.internal.reflect.NativeMethodAccessorImpl.invoke0(Native Method)
	at java.base/jdk.internal.reflect.NativeMethodAccessorImpl.invoke(NativeMethodAccessorImpl.java:77)
	at java.base/jdk.internal.reflect.DelegatingMethodAccessorImpl.invoke(DelegatingMethodAccessorImpl.java:43)
	at java.base/java.lang.reflect.Method.invoke(Method.java:568)
	at org.junit.platform.commons.util.ReflectionUtils.invokeMethod(ReflectionUtils.java:727)
	at org.junit.jupiter.engine.execution.MethodInvocation.proceed(MethodInvocation.java:60)
	at org.junit.jupiter.engine.execution.InvocationInterceptorChain$ValidatingInvocation.proceed(InvocationInterceptorChain.java:131)
	at org.junit.jupiter.engine.extension.TimeoutExtension.intercept(TimeoutExtension.java:156)
	at org.junit.jupiter.engine.extension.TimeoutExtension.interceptLifecycleMethod(TimeoutExtension.java:128)
	at org.junit.jupiter.engine.extension.TimeoutExtension.interceptBeforeAllMethod(TimeoutExtension.java:70)
	at org.junit.jupiter.engine.execution.InterceptingExecutableInvoker$ReflectiveInterceptorCall.lambda$ofVoidMethod$0(InterceptingExecutableInvoker.java:103)
	at org.junit.jupiter.engine.execution.InterceptingExecutableInvoker.lambda$invoke$0(InterceptingExecutableInvoker.java:93)
	at org.junit.jupiter.engine.execution.InvocationInterceptorChain$InterceptedInvocation.proceed(InvocationInterceptorChain.java:106)
	at org.junit.jupiter.engine.execution.InvocationInterceptorChain.proceed(InvocationInterceptorChain.java:64)
	at org.junit.jupiter.engine.execution.InvocationInterceptorChain.chainAndInvoke(InvocationInterceptorChain.java:45)
	at org.junit.jupiter.engine.execution.InvocationInterceptorChain.invoke(InvocationInterceptorChain.java:37)
	at org.junit.jupiter.engine.execution.InterceptingExecutableInvoker.invoke(InterceptingExecutableInvoker.java:92)
	at org.junit.jupiter.engine.execution.InterceptingExecutableInvoker.invoke(InterceptingExecutableInvoker.java:86)
	at org.junit.jupiter.engine.descriptor.ClassBasedTestDescriptor.lambda$invokeBeforeAllMethods$13(ClassBasedTestDescriptor.java:411)
	at org.junit.platform.engine.support.hierarchical.ThrowableCollector.execute(ThrowableCollector.java:73)
	at org.junit.jupiter.engine.descriptor.ClassBasedTestDescriptor.invokeBeforeAllMethods(ClassBasedTestDescriptor.java:409)
	at org.junit.jupiter.engine.descriptor.ClassBasedTestDescriptor.before(ClassBasedTestDescriptor.java:215)
	at org.junit.jupiter.engine.descriptor.ClassBasedTestDescriptor.before(ClassBasedTestDescriptor.java:84)
	at org.junit.platform.engine.support.hierarchical.NodeTestTask.lambda$executeRecursively$6(NodeTestTask.java:148)
	at org.junit.platform.engine.support.hierarchical.ThrowableCollector.execute(ThrowableCollector.java:73)
	at org.junit.platform.engine.support.hierarchical.NodeTestTask.lambda$executeRecursively$8(NodeTestTask.java:141)
	at org.junit.platform.engine.support.hierarchical.Node.around(Node.java:137)
	at org.junit.platform.engine.support.hierarchical.NodeTestTask.lambda$executeRecursively$9(NodeTestTask.java:139)
	at org.junit.platform.engine.support.hierarchical.ThrowableCollector.execute(ThrowableCollector.java:73)
	at org.junit.platform.engine.support.hierarchical.NodeTestTask.executeRecursively(NodeTestTask.java:138)
	at org.junit.platform.engine.support.hierarchical.NodeTestTask.execute(NodeTestTask.java:95)
	at java.base/java.util.ArrayList.forEach(ArrayList.java:1511)
	at org.junit.platform.engine.support.hierarchical.SameThreadHierarchicalTestExecutorService.invokeAll(SameThreadHierarchicalTestExecutorService.java:41)
	at org.junit.platform.engine.support.hierarchical.NodeTestTask.lambda$executeRecursively$6(NodeTestTask.java:155)
	at org.junit.platform.engine.support.hierarchical.ThrowableCollector.execute(ThrowableCollector.java:73)
	at org.junit.platform.engine.support.hierarchical.NodeTestTask.lambda$executeRecursively$8(NodeTestTask.java:141)
	at org.junit.platform.engine.support.hierarchical.Node.around(Node.java:137)
	at org.junit.platform.engine.support.hierarchical.NodeTestTask.lambda$executeRecursively$9(NodeTestTask.java:139)
	at org.junit.platform.engine.support.hierarchical.ThrowableCollector.execute(ThrowableCollector.java:73)
	at org.junit.platform.engine.support.hierarchical.NodeTestTask.executeRecursively(NodeTestTask.java:138)
	at org.junit.platform.engine.support.hierarchical.NodeTestTask.execute(NodeTestTask.java:95)
	at org.junit.platform.engine.support.hierarchical.SameThreadHierarchicalTestExecutorService.submit(SameThreadHierarchicalTestExecutorService.java:35)
	at org.junit.platform.engine.support.hierarchical.HierarchicalTestExecutor.execute(HierarchicalTestExecutor.java:57)
	at org.junit.platform.engine.support.hierarchical.HierarchicalTestEngine.execute(HierarchicalTestEngine.java:54)
	at org.junit.platform.launcher.core.EngineExecutionOrchestrator.execute(EngineExecutionOrchestrator.java:147)
	at org.junit.platform.launcher.core.EngineExecutionOrchestrator.execute(EngineExecutionOrchestrator.java:127)
	at org.junit.platform.launcher.core.EngineExecutionOrchestrator.execute(EngineExecutionOrchestrator.java:90)
	at org.junit.platform.launcher.core.EngineExecutionOrchestrator.lambda$execute$0(EngineExecutionOrchestrator.java:55)
	at org.junit.platform.launcher.core.EngineExecutionOrchestrator.withInterceptedStreams(EngineExecutionOrchestrator.java:102)
	at org.junit.platform.launcher.core.EngineExecutionOrchestrator.execute(EngineExecutionOrchestrator.java:54)
	at org.junit.platform.launcher.core.DefaultLauncher.execute(DefaultLauncher.java:114)
	at org.junit.platform.launcher.core.DefaultLauncher.execute(DefaultLauncher.java:86)
	at org.junit.platform.launcher.core.DefaultLauncherSession$DelegatingLauncher.execute(DefaultLauncherSession.java:86)
	at org.gradle.api.internal.tasks.testing.junitplatform.JUnitPlatformTestClassProcessor$CollectAllTestClassesExecutor.processAllTestClasses(JUnitPlatformTestClassProcessor.java:110)
	at org.gradle.api.internal.tasks.testing.junitplatform.JUnitPlatformTestClassProcessor$CollectAllTestClassesExecutor.access$000(JUnitPlatformTestClassProcessor.java:90)
	at org.gradle.api.internal.tasks.testing.junitplatform.JUnitPlatformTestClassProcessor.stop(JUnitPlatformTestClassProcessor.java:85)
	at org.gradle.api.internal.tasks.testing.SuiteTestClassProcessor.stop(SuiteTestClassProcessor.java:62)
	at java.base/jdk.internal.reflect.NativeMethodAccessorImpl.invoke0(Native Method)
	at java.base/jdk.internal.reflect.NativeMethodAccessorImpl.invoke(NativeMethodAccessorImpl.java:77)
	at java.base/jdk.internal.reflect.DelegatingMethodAccessorImpl.invoke(DelegatingMethodAccessorImpl.java:43)
	at java.base/java.lang.reflect.Method.invoke(Method.java:568)
	at org.gradle.internal.dispatch.ReflectionDispatch.dispatch(ReflectionDispatch.java:36)
	at org.gradle.internal.dispatch.ReflectionDispatch.dispatch(ReflectionDispatch.java:24)
	at org.gradle.internal.dispatch.ContextClassLoaderDispatch.dispatch(ContextClassLoaderDispatch.java:33)
	at org.gradle.internal.dispatch.ProxyDispatchAdapter$DispatchingInvocationHandler.invoke(ProxyDispatchAdapter.java:94)
	at jdk.proxy1/jdk.proxy1.$Proxy2.stop(Unknown Source)
	at org.gradle.api.internal.tasks.testing.worker.TestWorker$3.run(TestWorker.java:193)
	at org.gradle.api.internal.tasks.testing.worker.TestWorker.executeAndMaintainThreadName(TestWorker.java:129)
	at org.gradle.api.internal.tasks.testing.worker.TestWorker.execute(TestWorker.java:100)
	at org.gradle.api.internal.tasks.testing.worker.TestWorker.execute(TestWorker.java:60)
	at org.gradle.process.internal.worker.child.ActionExecutionWorker.execute(ActionExecutionWorker.java:56)
	at org.gradle.process.internal.worker.child.SystemApplicationClassLoaderWorker.call(SystemApplicationClassLoaderWorker.java:113)
	at org.gradle.process.internal.worker.child.SystemApplicationClassLoaderWorker.call(SystemApplicationClassLoaderWorker.java:65)
	at worker.org.gradle.process.internal.worker.GradleWorkerMain.run(GradleWorkerMain.java:69)
	at worker.org.gradle.process.internal.worker.GradleWorkerMain.main(GradleWorkerMain.java:74)

Mar 16, 2024 11:00:06 PM edu.touro.mco152.bm.DiskWorker lambda$new$0
INFO: *** New worker thread started ***
Mar 16, 2024 11:00:08 PM edu.touro.mco152.bm.DiskWorker lambda$new$0
INFO: *** New worker thread started ***
Mar 16, 2024 11:00:09 PM edu.touro.mco152.bm.DiskWorker lambda$new$0
INFO: *** New worker thread started ***
Mar 16, 2024 11:00:09 PM edu.touro.mco152.bm.DiskWorker lambda$new$0
INFO: *** New worker thread started ***
Mar 16, 2024 11:00:17 PM edu.touro.mco152.bm.DiskWorker lambda$new$0
INFO: *** New worker thread started ***
Mar 16, 2024 11:00:23 PM edu.touro.mco152.bm.DiskWorker lambda$new$0
INFO: *** New worker thread started ***
Mar 16, 2024 11:00:24 PM edu.touro.mco152.bm.DiskWorker lambda$new$0
INFO: *** New worker thread started ***
]]></system-err>
</testsuite>
